<?xml version="1.0" encoding="UTF-8"?>
<testng-results ignored="0" total="1" passed="1" failed="0" skipped="0">
  <reporter-output>
  </reporter-output>
  <suite started-at="2024-08-16T12:49:41 BST" name="Default suite" finished-at="2024-08-16T12:49:57 BST" duration-ms="16891">
    <groups>
    </groups>
    <test started-at="2024-08-16T12:49:41 BST" name="Default test" finished-at="2024-08-16T12:49:57 BST" duration-ms="16891">
      <class name="testNG.e2e_User3">
        <test-method is-config="true" signature="beforeClass()[pri:0, instance:testNG.e2e_User3@5fdcaa40]" started-at="2024-08-16T12:49:41 BST" name="beforeClass" finished-at="2024-08-16T12:49:41 BST" duration-ms="16" status="PASS">
          <reporter-output>
          </reporter-output>
        </test-method> <!-- beforeClass -->
        <test-method is-config="true" signature="setup()[pri:0, instance:testNG.e2e_User3@5fdcaa40]" started-at="2024-08-16T12:49:41 BST" name="setup" finished-at="2024-08-16T12:49:46 BST" duration-ms="5730" status="PASS">
          <reporter-output>
          </reporter-output>
        </test-method> <!-- setup -->
        <test-method signature="Test_case()[pri:0, instance:testNG.e2e_User3@5fdcaa40]" started-at="2024-08-16T12:49:46 BST" name="Test_case" finished-at="2024-08-16T12:49:57 BST" duration-ms="10643" status="PASS">
          <reporter-output>
          </reporter-output>
        </test-method> <!-- Test_case -->
        <test-method is-config="true" signature="teardown(org.testng.ITestResult)[pri:0, instance:testNG.e2e_User3@5fdcaa40]" started-at="2024-08-16T12:49:57 BST" name="teardown" finished-at="2024-08-16T12:49:57 BST" duration-ms="450" status="PASS">
          <params>
            <param index="0">
              <value>
                <![CDATA[[TestResult name=Test_case status=SUCCESS method=e2e_User3.Test_case()[pri:0, instance:testNG.e2e_User3@5fdcaa40] output={null}]]]>
              </value>
            </param>
          </params>
          <reporter-output>
          </reporter-output>
        </test-method> <!-- teardown -->
        <test-method is-config="true" signature="afterClass()[pri:0, instance:testNG.e2e_User3@5fdcaa40]" started-at="2024-08-16T12:49:57 BST" name="afterClass" finished-at="2024-08-16T12:49:57 BST" duration-ms="0" status="PASS">
          <reporter-output>
          </reporter-output>
        </test-method> <!-- afterClass -->
      </class> <!-- testNG.e2e_User3 -->
    </test> <!-- Default test -->
  </suite> <!-- Default suite -->
</testng-results>
